<?xml version="1.0" encoding="UTF-8"?>
<!-- Generated by org.testng.reporters.JUnitXMLReporter -->
<testsuite hostname="Tali-PC" ignored="0" name="Test" tests="31" failures="9" timestamp="2022-07-23T20:30:43 IDT" time="234.414" errors="0">
  <testcase name="tc01_loginFaliure" time="2.696" classname="tests.LoginFailedTest"/>
  <testcase name="tc01_loginFaliure" time="2.24" classname="tests.LoginFailedTest"/>
  <testcase name="tc02_loginFaliurer" time="1.765" classname="tests.LoginFailedTest"/>
  <testcase name="tc02_loginFaliurer" time="1.604" classname="tests.LoginFailedTest"/>
  <testcase name="tc03_loginFailed" time="1.582" classname="tests.LoginFailedTest"/>
  <testcase name="tc01_checkValidEmailField" time="2.194" classname="tests.EmailValidationTest"/>
  <testcase name="tc01_checkValidEmailField" time="2.031" classname="tests.EmailValidationTest"/>
  <testcase name="tc01_checkValidEmailField" time="1.993" classname="tests.EmailValidationTest"/>
  <testcase name="tc01_checkValidEmailField" time="2.021" classname="tests.EmailValidationTest"/>
  <testcase name="tc01_checkValidEmailField" time="2.058" classname="tests.EmailValidationTest"/>
  <testcase name="tc01_checkValidEmailField" time="2.042" classname="tests.EmailValidationTest"/>
  <testcase name="tc01_checkValidEmailField" time="2.005" classname="tests.EmailValidationTest"/>
  <testcase name="tc01_checkValidEmailField" time="1.993" classname="tests.EmailValidationTest">
    <failure type="java.lang.AssertionError" message="expected [] but found [Please enter an email address.]">
      <![CDATA[java.lang.AssertionError: expected [] but found [Please enter an email address.]
at tests.EmailValidationTest.tc01_checkValidEmailField(EmailValidationTest.java:19)
at java.util.ArrayList.forEach(ArrayList.java:1257)
... Removed 37 stack frames]]>
    </failure>
  </testcase> <!-- tc01_checkValidEmailField -->
  <testcase name="tc01_checkValidEmailField" time="1.986" classname="tests.EmailValidationTest"/>
  <testcase name="tc01_checkValidEmailField" time="2.054" classname="tests.EmailValidationTest"/>
  <testcase name="tc02_checkInvalidEmailField" time="2.005" classname="tests.EmailValidationTest">
    <failure type="java.lang.AssertionError" message="expected [A part followed by &amp;apos;@&amp;apos; should not contain a dot.] but found []">
      <![CDATA[java.lang.AssertionError: expected [A part followed by '@' should not contain a dot.] but found []
at tests.EmailValidationTest.tc02_checkInvalidEmailField(EmailValidationTest.java:37)
at java.util.ArrayList.forEach(ArrayList.java:1257)
... Removed 37 stack frames]]>
    </failure>
  </testcase> <!-- tc02_checkInvalidEmailField -->
  <testcase name="tc02_checkInvalidEmailField" time="1.997" classname="tests.EmailValidationTest">
    <failure type="java.lang.AssertionError" message="expected [A part followed by &amp;apos;@&amp;apos; should not contain a dot.] but found []">
      <![CDATA[java.lang.AssertionError: expected [A part followed by '@' should not contain a dot.] but found []
at tests.EmailValidationTest.tc02_checkInvalidEmailField(EmailValidationTest.java:37)
at java.util.ArrayList.forEach(ArrayList.java:1257)
... Removed 37 stack frames]]>
    </failure>
  </testcase> <!-- tc02_checkInvalidEmailField -->
  <testcase name="tc02_checkInvalidEmailField" time="2.012" classname="tests.EmailValidationTest">
    <failure type="java.lang.AssertionError" message="expected [A part followed by &amp;apos;@&amp;apos; should not contain a dot.] but found []">
      <![CDATA[java.lang.AssertionError: expected [A part followed by '@' should not contain a dot.] but found []
at tests.EmailValidationTest.tc02_checkInvalidEmailField(EmailValidationTest.java:37)
at java.util.ArrayList.forEach(ArrayList.java:1257)
... Removed 37 stack frames]]>
    </failure>
  </testcase> <!-- tc02_checkInvalidEmailField -->
  <testcase name="tc03_checkInvalidEmailField" time="1.968" classname="tests.EmailValidationTest"/>
  <testcase name="tc04_checkInvalidEmailField" time="1.949" classname="tests.EmailValidationTest"/>
  <testcase name="tc05_checkInvalidEmailField" time="2.04" classname="tests.EmailValidationTest"/>
  <testcase name="tc06_checkInvalidEmailField" time="1.954" classname="tests.EmailValidationTest"/>
  <testcase name="tc07_checkInvalidEmailField" time="1.962" classname="tests.EmailValidationTest"/>
  <testcase name="tc08_checkInvalidEmailField" time="1.971" classname="tests.EmailValidationTest"/>
  <testcase name="tc09_checkInvalidEmailField" time="1.973" classname="tests.EmailValidationTest">
    <failure type="java.lang.AssertionError" message="expected [Please include a top level domain in the email address. email@example is missing a top level domain.] but found []">
      <![CDATA[java.lang.AssertionError: expected [Please include a top level domain in the email address. email@example is missing a top level domain.] but found []
at tests.EmailValidationTest.tc09_checkInvalidEmailField(EmailValidationTest.java:107)
at java.util.ArrayList.forEach(ArrayList.java:1257)
... Removed 37 stack frames]]>
    </failure>
  </testcase> <!-- tc09_checkInvalidEmailField -->
  <testcase name="tc10_checkInvalidEmailField" time="1.964" classname="tests.EmailValidationTest">
    <failure type="java.lang.AssertionError" message="expected [A part following &amp;apos;@&amp;apos; should not contain .web.] but found []">
      <![CDATA[java.lang.AssertionError: expected [A part following '@' should not contain .web.] but found []
at tests.EmailValidationTest.tc10_checkInvalidEmailField(EmailValidationTest.java:116)
at java.util.ArrayList.forEach(ArrayList.java:1257)
... Removed 37 stack frames]]>
    </failure>
  </testcase> <!-- tc10_checkInvalidEmailField -->
  <testcase name="tc11_checkInvalidEmailField" time="1.962" classname="tests.EmailValidationTest"/>
  <testcase name="tc01_searchTest" time="8.506" classname="tests.SearchingATemplateTest"/>
  <testcase name="tc01_SizesFieldsTest" time="24.342" classname="tests.ClosetSizesFieldsTest">
    <failure type="org.openqa.selenium.TimeoutException" message="Expected condition failed: waiting for element to be clickable: [[FirefoxDriver: firefox on WINDOWS (b4eead75-5ac8-48c9-af23-96c7ce8ea66e)] -&amp;gt; css selector: [for=select-single-outcome] .modal-btn-start.swal-button] (tried for 10 second(s) with 500 milliseconds interval)
Build info: version: &amp;apos;4.3.0&amp;apos;, revision: &amp;apos;a4995e2c09*&amp;apos;
System info: host: &amp;apos;TALI-PC&amp;apos;, ip: &amp;apos;192.168.36.1&amp;apos;, os.name: &amp;apos;Windows 7&amp;apos;, os.arch: &amp;apos;amd64&amp;apos;, os.version: &amp;apos;6.1&amp;apos;, java.version: &amp;apos;1.8.0_211&amp;apos;
Driver info: org.openqa.selenium.firefox.FirefoxDriver
Capabilities {acceptInsecureCerts: true, browserName: firefox, browserVersion: 102.0.1, moz:accessibilityChecks: false, moz:buildID: 20220705093820, moz:debuggerAddress: localhost:62931, moz:geckodriverVersion: 0.31.0, moz:headless: false, moz:processID: 916, moz:profile: C:\Users\Tali\AppData\Local..., moz:shutdownTimeout: 60000, moz:useNonSpecCompliantPointerOrigin: false, moz:webdriverClick: true, moz:windowless: false, pageLoadStrategy: normal, platformName: WINDOWS, platformVersion: 6.1, proxy: Proxy(), se:cdp: ws://localhost:62931/devtoo..., se:cdpVersion: 85.0, setWindowRect: true, strictFileInteractability: false, timeouts: {implicit: 0, pageLoad: 300000, script: 30000}, unhandledPromptBehavior: dismiss and notify}
Session ID: b4eead75-5ac8-48c9-af23-96c7ce8ea66e">
      <![CDATA[org.openqa.selenium.TimeoutException: Expected condition failed: waiting for element to be clickable: [[FirefoxDriver: firefox on WINDOWS (b4eead75-5ac8-48c9-af23-96c7ce8ea66e)] -> css selector: [for=select-single-outcome] .modal-btn-start.swal-button] (tried for 10 second(s) with 500 milliseconds interval)
Build info: version: '4.3.0', revision: 'a4995e2c09*'
System info: host: 'TALI-PC', ip: '192.168.36.1', os.name: 'Windows 7', os.arch: 'amd64', os.version: '6.1', java.version: '1.8.0_211'
Driver info: org.openqa.selenium.firefox.FirefoxDriver
Capabilities {acceptInsecureCerts: true, browserName: firefox, browserVersion: 102.0.1, moz:accessibilityChecks: false, moz:buildID: 20220705093820, moz:debuggerAddress: localhost:62931, moz:geckodriverVersion: 0.31.0, moz:headless: false, moz:processID: 916, moz:profile: C:\Users\Tali\AppData\Local..., moz:shutdownTimeout: 60000, moz:useNonSpecCompliantPointerOrigin: false, moz:webdriverClick: true, moz:windowless: false, pageLoadStrategy: normal, platformName: WINDOWS, platformVersion: 6.1, proxy: Proxy(), se:cdp: ws://localhost:62931/devtoo..., se:cdpVersion: 85.0, setWindowRect: true, strictFileInteractability: false, timeouts: {implicit: 0, pageLoad: 300000, script: 30000}, unhandledPromptBehavior: dismiss and notify}
Session ID: b4eead75-5ac8-48c9-af23-96c7ce8ea66e
at org.openqa.selenium.support.ui.WebDriverWait.timeoutException(WebDriverWait.java:87)
at org.openqa.selenium.support.ui.FluentWait.until(FluentWait.java:231)
at pageObjects.BasePage.waitElementToBeClickable(BasePage.java:119)
at pageObjects.TemplatesPage.clickStartEditing(TemplatesPage.java:37)
at tests.ClosetSizesFieldsTest.tc01_SizesFieldsTest(ClosetSizesFieldsTest.java:16)
at java.util.ArrayList.forEach(ArrayList.java:1257)
... Removed 31 stack frames]]>
    </failure>
  </testcase> <!-- tc01_SizesFieldsTest -->
  <testcase name="tc02_SizesFieldsTest" time="2.025" classname="tests.ClosetSizesFieldsTest">
    <failure type="org.openqa.selenium.NoSuchElementException" message="Unable to locate element: [placeholder=&amp;apos;height*&amp;apos;]
For documentation on this error, please visit: https://selenium.dev/exceptions/#no_such_element
Build info: version: &amp;apos;4.3.0&amp;apos;, revision: &amp;apos;a4995e2c09*&amp;apos;
System info: host: &amp;apos;TALI-PC&amp;apos;, ip: &amp;apos;192.168.36.1&amp;apos;, os.name: &amp;apos;Windows 7&amp;apos;, os.arch: &amp;apos;amd64&amp;apos;, os.version: &amp;apos;6.1&amp;apos;, java.version: &amp;apos;1.8.0_211&amp;apos;
Driver info: org.openqa.selenium.firefox.FirefoxDriver
Command: [b4eead75-5ac8-48c9-af23-96c7ce8ea66e, findElement {using=css selector, value=[placeholder=&amp;apos;height*&amp;apos;]}]
Capabilities {acceptInsecureCerts: true, browserName: firefox, browserVersion: 102.0.1, moz:accessibilityChecks: false, moz:buildID: 20220705093820, moz:debuggerAddress: localhost:62931, moz:geckodriverVersion: 0.31.0, moz:headless: false, moz:processID: 916, moz:profile: C:\Users\Tali\AppData\Local..., moz:shutdownTimeout: 60000, moz:useNonSpecCompliantPointerOrigin: false, moz:webdriverClick: true, moz:windowless: false, pageLoadStrategy: normal, platformName: WINDOWS, platformVersion: 6.1, proxy: Proxy(), se:cdp: ws://localhost:62931/devtoo..., se:cdpVersion: 85.0, setWindowRect: true, strictFileInteractability: false, timeouts: {implicit: 0, pageLoad: 300000, script: 30000}, unhandledPromptBehavior: dismiss and notify}
Session ID: b4eead75-5ac8-48c9-af23-96c7ce8ea66e">
      <![CDATA[org.openqa.selenium.NoSuchElementException: Unable to locate element: [placeholder='height*']
For documentation on this error, please visit: https://selenium.dev/exceptions/#no_such_element
Build info: version: '4.3.0', revision: 'a4995e2c09*'
System info: host: 'TALI-PC', ip: '192.168.36.1', os.name: 'Windows 7', os.arch: 'amd64', os.version: '6.1', java.version: '1.8.0_211'
Driver info: org.openqa.selenium.firefox.FirefoxDriver
Command: [b4eead75-5ac8-48c9-af23-96c7ce8ea66e, findElement {using=css selector, value=[placeholder='height*']}]
Capabilities {acceptInsecureCerts: true, browserName: firefox, browserVersion: 102.0.1, moz:accessibilityChecks: false, moz:buildID: 20220705093820, moz:debuggerAddress: localhost:62931, moz:geckodriverVersion: 0.31.0, moz:headless: false, moz:processID: 916, moz:profile: C:\Users\Tali\AppData\Local..., moz:shutdownTimeout: 60000, moz:useNonSpecCompliantPointerOrigin: false, moz:webdriverClick: true, moz:windowless: false, pageLoadStrategy: normal, platformName: WINDOWS, platformVersion: 6.1, proxy: Proxy(), se:cdp: ws://localhost:62931/devtoo..., se:cdpVersion: 85.0, setWindowRect: true, strictFileInteractability: false, timeouts: {implicit: 0, pageLoad: 300000, script: 30000}, unhandledPromptBehavior: dismiss and notify}
Session ID: b4eead75-5ac8-48c9-af23-96c7ce8ea66e
at org.openqa.selenium.remote.codec.w3c.W3CHttpResponseCodec.createException(W3CHttpResponseCodec.java:200)
at org.openqa.selenium.remote.codec.w3c.W3CHttpResponseCodec.decode(W3CHttpResponseCodec.java:133)
at org.openqa.selenium.remote.codec.w3c.W3CHttpResponseCodec.decode(W3CHttpResponseCodec.java:53)
at org.openqa.selenium.remote.HttpCommandExecutor.execute(HttpCommandExecutor.java:184)
at org.openqa.selenium.remote.service.DriverCommandExecutor.invokeExecute(DriverCommandExecutor.java:167)
at org.openqa.selenium.remote.service.DriverCommandExecutor.execute(DriverCommandExecutor.java:142)
at org.openqa.selenium.remote.RemoteWebDriver.execute(RemoteWebDriver.java:569)
at org.openqa.selenium.remote.ElementLocation$ElementFinder$2.findElement(ElementLocation.java:162)
at org.openqa.selenium.remote.ElementLocation.findElement(ElementLocation.java:60)
at org.openqa.selenium.remote.RemoteWebDriver.findElement(RemoteWebDriver.java:387)
at org.openqa.selenium.remote.RemoteWebDriver.findElement(RemoteWebDriver.java:379)
at org.openqa.selenium.support.pagefactory.DefaultElementLocator.findElement(DefaultElementLocator.java:70)
at org.openqa.selenium.support.pagefactory.internal.LocatingElementHandler.invoke(LocatingElementHandler.java:39)
at com.sun.proxy.$Proxy13.click(Unknown Source)
at pageObjects.BasePage.clickNoHighlight(BasePage.java:73)
at pageObjects.OrderingAClosetPage.fillInCharactersAndLetters(OrderingAClosetPage.java:88)
at tests.ClosetSizesFieldsTest.tc02_SizesFieldsTest(ClosetSizesFieldsTest.java:36)
at java.util.ArrayList.forEach(ArrayList.java:1257)
... Removed 35 stack frames]]>
    </failure>
  </testcase> <!-- tc02_SizesFieldsTest -->
  <testcase name="tc01_OrderingAClosetTest" time="27.522" classname="tests.OrderingAClosetTest">
    <failure type="org.openqa.selenium.TimeoutException" message="Expected condition failed: waiting for element to be clickable: [[FirefoxDriver: firefox on WINDOWS (4bde6421-387f-4bfa-8de7-c0337fad481b)] -&amp;gt; css selector: [for=select-single-outcome] .modal-btn-start.swal-button] (tried for 10 second(s) with 500 milliseconds interval)
Build info: version: &amp;apos;4.3.0&amp;apos;, revision: &amp;apos;a4995e2c09*&amp;apos;
System info: host: &amp;apos;TALI-PC&amp;apos;, ip: &amp;apos;192.168.36.1&amp;apos;, os.name: &amp;apos;Windows 7&amp;apos;, os.arch: &amp;apos;amd64&amp;apos;, os.version: &amp;apos;6.1&amp;apos;, java.version: &amp;apos;1.8.0_211&amp;apos;
Driver info: org.openqa.selenium.firefox.FirefoxDriver
Capabilities {acceptInsecureCerts: true, browserName: firefox, browserVersion: 102.0.1, moz:accessibilityChecks: false, moz:buildID: 20220705093820, moz:debuggerAddress: localhost:57203, moz:geckodriverVersion: 0.31.0, moz:headless: false, moz:processID: 10636, moz:profile: C:\Users\Tali\AppData\Local..., moz:shutdownTimeout: 60000, moz:useNonSpecCompliantPointerOrigin: false, moz:webdriverClick: true, moz:windowless: false, pageLoadStrategy: normal, platformName: WINDOWS, platformVersion: 6.1, proxy: Proxy(), se:cdp: ws://localhost:57203/devtoo..., se:cdpVersion: 85.0, setWindowRect: true, strictFileInteractability: false, timeouts: {implicit: 0, pageLoad: 300000, script: 30000}, unhandledPromptBehavior: dismiss and notify}
Session ID: 4bde6421-387f-4bfa-8de7-c0337fad481b">
      <![CDATA[org.openqa.selenium.TimeoutException: Expected condition failed: waiting for element to be clickable: [[FirefoxDriver: firefox on WINDOWS (4bde6421-387f-4bfa-8de7-c0337fad481b)] -> css selector: [for=select-single-outcome] .modal-btn-start.swal-button] (tried for 10 second(s) with 500 milliseconds interval)
Build info: version: '4.3.0', revision: 'a4995e2c09*'
System info: host: 'TALI-PC', ip: '192.168.36.1', os.name: 'Windows 7', os.arch: 'amd64', os.version: '6.1', java.version: '1.8.0_211'
Driver info: org.openqa.selenium.firefox.FirefoxDriver
Capabilities {acceptInsecureCerts: true, browserName: firefox, browserVersion: 102.0.1, moz:accessibilityChecks: false, moz:buildID: 20220705093820, moz:debuggerAddress: localhost:57203, moz:geckodriverVersion: 0.31.0, moz:headless: false, moz:processID: 10636, moz:profile: C:\Users\Tali\AppData\Local..., moz:shutdownTimeout: 60000, moz:useNonSpecCompliantPointerOrigin: false, moz:webdriverClick: true, moz:windowless: false, pageLoadStrategy: normal, platformName: WINDOWS, platformVersion: 6.1, proxy: Proxy(), se:cdp: ws://localhost:57203/devtoo..., se:cdpVersion: 85.0, setWindowRect: true, strictFileInteractability: false, timeouts: {implicit: 0, pageLoad: 300000, script: 30000}, unhandledPromptBehavior: dismiss and notify}
Session ID: 4bde6421-387f-4bfa-8de7-c0337fad481b
at org.openqa.selenium.support.ui.WebDriverWait.timeoutException(WebDriverWait.java:87)
at org.openqa.selenium.support.ui.FluentWait.until(FluentWait.java:231)
at pageObjects.BasePage.waitElementToBeClickable(BasePage.java:119)
at pageObjects.TemplatesPage.clickStartEditing(TemplatesPage.java:37)
at tests.OrderingAClosetTest.tc01_OrderingAClosetTest(OrderingAClosetTest.java:16)
at java.util.ArrayList.forEach(ArrayList.java:1257)
... Removed 31 stack frames]]>
    </failure>
  </testcase> <!-- tc01_OrderingAClosetTest -->
</testsuite> <!-- Test -->
