<!DOCTYPE html PUBLIC "-//W3C//DTD XHTML 1.1//EN" "https://www.w3.org/TR/xhtml11/DTD/xhtml11.dtd">
<html xmlns="https://www.w3.org/1999/xhtml">
<head>
<meta http-equiv="content-type" content="text/html; charset=UTF-8"/>
<title>TestNG Report</title>
<style type="text/css">table {margin-bottom:10px;border-collapse:collapse;empty-cells:show}th,td {border:1px solid #009;padding:.25em .5em}th {vertical-align:bottom}td {vertical-align:top}table a {font-weight:bold}.stripe td {background-color: #E6EBF9}.num {text-align:right}.passedodd td {background-color: #3F3}.passedeven td {background-color: #0A0}.skippedodd td {background-color: #DDD}.skippedeven td {background-color: #CCC}.failedodd td,.attn {background-color: #F33}.failedeven td,.stripe .attn {background-color: #D00}.stacktrace {white-space:pre;font-family:monospace}.totop {font-size:85%;text-align:center;border-bottom:2px solid #000}.invisible {display:none}</style>
</head>
<body>
<table>
<tr><th>Test</th><th># Passed</th><th># Skipped</th><th># Retried</th><th># Failed</th><th>Time (ms)</th><th>Included Groups</th><th>Excluded Groups</th></tr>
<tr><th colspan="8">Testing Involve web</th></tr>
<tr><td><a href="#t0">Test</a></td><td class="num">22</td><td class="num">0</td><td class="num">0</td><td class="num attn">9</td><td class="num">234,414</td><td></td><td></td></tr>
</table>
<table id='summary'><thead><tr><th>Class</th><th>Method</th><th>Start</th><th>Time (ms)</th></tr></thead><tbody><tr><th colspan="4">Testing Involve web</th></tr></tbody><tbody id="t0"><tr><th colspan="4">Test &#8212; failed</th></tr><tr class="failedeven"><td rowspan="2">tests.ClosetSizesFieldsTest</td><td><a href="#m0">tc01_SizesFieldsTest</a></td><td rowspan="1">1658597364287</td><td rowspan="1">24342</td></tr><tr class="failedeven"><td><a href="#m1">tc02_SizesFieldsTest</a></td><td rowspan="1">1658597388638</td><td rowspan="1">2025</td></tr><tr class="failedodd"><td rowspan="6">tests.EmailValidationTest</td><td><a href="#m2">tc01_checkValidEmailField</a></td><td rowspan="1">1658597276444</td><td rowspan="1">1993</td></tr><tr class="failedodd"><td><a href="#m3">tc02_checkInvalidEmailField</a></td><td rowspan="3">1658597284503</td><td rowspan="3">1997</td></tr><tr class="failedodd"><td><a href="#m4">tc02_checkInvalidEmailField</a></td></tr><tr class="failedodd"><td><a href="#m5">tc02_checkInvalidEmailField</a></td></tr><tr class="failedodd"><td><a href="#m6">tc09_checkInvalidEmailField</a></td><td rowspan="1">1658597300370</td><td rowspan="1">1973</td></tr><tr class="failedodd"><td><a href="#m7">tc10_checkInvalidEmailField</a></td><td rowspan="1">1658597302345</td><td rowspan="1">1964</td></tr><tr class="failedeven"><td rowspan="1">tests.OrderingAClosetTest</td><td><a href="#m8">tc01_OrderingAClosetTest</a></td><td rowspan="1">1658597414512</td><td rowspan="1">27522</td></tr><tr><th colspan="4">Test &#8212; passed</th></tr><tr class="passedeven"><td rowspan="16">tests.EmailValidationTest</td><td><a href="#m9">tc01_checkValidEmailField</a></td><td rowspan="9">1658597272394</td><td rowspan="9">2042</td></tr><tr class="passedeven"><td><a href="#m10">tc01_checkValidEmailField</a></td></tr><tr class="passedeven"><td><a href="#m11">tc01_checkValidEmailField</a></td></tr><tr class="passedeven"><td><a href="#m12">tc01_checkValidEmailField</a></td></tr><tr class="passedeven"><td><a href="#m13">tc01_checkValidEmailField</a></td></tr><tr class="passedeven"><td><a href="#m14">tc01_checkValidEmailField</a></td></tr><tr class="passedeven"><td><a href="#m15">tc01_checkValidEmailField</a></td></tr><tr class="passedeven"><td><a href="#m16">tc01_checkValidEmailField</a></td></tr><tr class="passedeven"><td><a href="#m17">tc01_checkValidEmailField</a></td></tr><tr class="passedeven"><td><a href="#m18">tc03_checkInvalidEmailField</a></td><td rowspan="1">1658597288517</td><td rowspan="1">1968</td></tr><tr class="passedeven"><td><a href="#m19">tc04_checkInvalidEmailField</a></td><td rowspan="1">1658597290487</td><td rowspan="1">1949</td></tr><tr class="passedeven"><td><a href="#m20">tc05_checkInvalidEmailField</a></td><td rowspan="1">1658597292438</td><td rowspan="1">2040</td></tr><tr class="passedeven"><td><a href="#m21">tc06_checkInvalidEmailField</a></td><td rowspan="1">1658597294480</td><td rowspan="1">1954</td></tr><tr class="passedeven"><td><a href="#m22">tc07_checkInvalidEmailField</a></td><td rowspan="1">1658597296435</td><td rowspan="1">1962</td></tr><tr class="passedeven"><td><a href="#m23">tc08_checkInvalidEmailField</a></td><td rowspan="1">1658597298398</td><td rowspan="1">1971</td></tr><tr class="passedeven"><td><a href="#m24">tc11_checkInvalidEmailField</a></td><td rowspan="1">1658597304311</td><td rowspan="1">1962</td></tr><tr class="passedodd"><td rowspan="5">tests.LoginFailedTest</td><td><a href="#m25">tc01_loginFaliure</a></td><td rowspan="2">1658597233538</td><td rowspan="2">2696</td></tr><tr class="passedodd"><td><a href="#m26">tc01_loginFaliure</a></td></tr><tr class="passedodd"><td><a href="#m27">tc02_loginFaliurer</a></td><td rowspan="2">1658597238735</td><td rowspan="2">1765</td></tr><tr class="passedodd"><td><a href="#m28">tc02_loginFaliurer</a></td></tr><tr class="passedodd"><td><a href="#m29">tc03_loginFailed</a></td><td rowspan="1">1658597242108</td><td rowspan="1">1582</td></tr><tr class="passedeven"><td rowspan="1">tests.SearchingATemplateTest</td><td><a href="#m30">tc01_searchTest</a></td><td rowspan="1">1658597330442</td><td rowspan="1">8506</td></tr></tbody>
</table>
<h2>Test</h2><h3 id="m0">tests.ClosetSizesFieldsTest#tc01_SizesFieldsTest</h3><table class="result"><tr><th>Exception</th></tr><tr><td><div class="stacktrace">org.openqa.selenium.TimeoutException: Expected condition failed: waiting for element to be clickable: [[FirefoxDriver: firefox on WINDOWS (b4eead75-5ac8-48c9-af23-96c7ce8ea66e)] -&gt; css selector: [for=select-single-outcome] .modal-btn-start.swal-button] (tried for 10 second(s) with 500 milliseconds interval)
Build info: version: &apos;4.3.0&apos;, revision: &apos;a4995e2c09*&apos;
System info: host: &apos;TALI-PC&apos;, ip: &apos;192.168.36.1&apos;, os.name: &apos;Windows 7&apos;, os.arch: &apos;amd64&apos;, os.version: &apos;6.1&apos;, java.version: &apos;1.8.0_211&apos;
Driver info: org.openqa.selenium.firefox.FirefoxDriver
Capabilities {acceptInsecureCerts: true, browserName: firefox, browserVersion: 102.0.1, moz:accessibilityChecks: false, moz:buildID: 20220705093820, moz:debuggerAddress: localhost:62931, moz:geckodriverVersion: 0.31.0, moz:headless: false, moz:processID: 916, moz:profile: C:\Users\Tali\AppData\Local..., moz:shutdownTimeout: 60000, moz:useNonSpecCompliantPointerOrigin: false, moz:webdriverClick: true, moz:windowless: false, pageLoadStrategy: normal, platformName: WINDOWS, platformVersion: 6.1, proxy: Proxy(), se:cdp: ws://localhost:62931/devtoo..., se:cdpVersion: 85.0, setWindowRect: true, strictFileInteractability: false, timeouts: {implicit: 0, pageLoad: 300000, script: 30000}, unhandledPromptBehavior: dismiss and notify}
Session ID: b4eead75-5ac8-48c9-af23-96c7ce8ea66e
	at org.openqa.selenium.support.ui.WebDriverWait.timeoutException(WebDriverWait.java:87)
	at org.openqa.selenium.support.ui.FluentWait.until(FluentWait.java:231)
	at pageObjects.BasePage.waitElementToBeClickable(BasePage.java:119)
	at pageObjects.TemplatesPage.clickStartEditing(TemplatesPage.java:37)
	at tests.ClosetSizesFieldsTest.tc01_SizesFieldsTest(ClosetSizesFieldsTest.java:16)
	at java.util.ArrayList.forEach(ArrayList.java:1257)
... Removed 31 stack frames</div></td></tr></table><p class="totop"><a href="#summary">back to summary</a></p>
<h3 id="m1">tests.ClosetSizesFieldsTest#tc02_SizesFieldsTest</h3><table class="result"><tr><th>Exception</th></tr><tr><td><div class="stacktrace">org.openqa.selenium.NoSuchElementException: Unable to locate element: [placeholder=&apos;height*&apos;]
For documentation on this error, please visit: https://selenium.dev/exceptions/#no_such_element
Build info: version: &apos;4.3.0&apos;, revision: &apos;a4995e2c09*&apos;
System info: host: &apos;TALI-PC&apos;, ip: &apos;192.168.36.1&apos;, os.name: &apos;Windows 7&apos;, os.arch: &apos;amd64&apos;, os.version: &apos;6.1&apos;, java.version: &apos;1.8.0_211&apos;
Driver info: org.openqa.selenium.firefox.FirefoxDriver
Command: [b4eead75-5ac8-48c9-af23-96c7ce8ea66e, findElement {using=css selector, value=[placeholder=&apos;height*&apos;]}]
Capabilities {acceptInsecureCerts: true, browserName: firefox, browserVersion: 102.0.1, moz:accessibilityChecks: false, moz:buildID: 20220705093820, moz:debuggerAddress: localhost:62931, moz:geckodriverVersion: 0.31.0, moz:headless: false, moz:processID: 916, moz:profile: C:\Users\Tali\AppData\Local..., moz:shutdownTimeout: 60000, moz:useNonSpecCompliantPointerOrigin: false, moz:webdriverClick: true, moz:windowless: false, pageLoadStrategy: normal, platformName: WINDOWS, platformVersion: 6.1, proxy: Proxy(), se:cdp: ws://localhost:62931/devtoo..., se:cdpVersion: 85.0, setWindowRect: true, strictFileInteractability: false, timeouts: {implicit: 0, pageLoad: 300000, script: 30000}, unhandledPromptBehavior: dismiss and notify}
Session ID: b4eead75-5ac8-48c9-af23-96c7ce8ea66e
	at org.openqa.selenium.remote.codec.w3c.W3CHttpResponseCodec.createException(W3CHttpResponseCodec.java:200)
	at org.openqa.selenium.remote.codec.w3c.W3CHttpResponseCodec.decode(W3CHttpResponseCodec.java:133)
	at org.openqa.selenium.remote.codec.w3c.W3CHttpResponseCodec.decode(W3CHttpResponseCodec.java:53)
	at org.openqa.selenium.remote.HttpCommandExecutor.execute(HttpCommandExecutor.java:184)
	at org.openqa.selenium.remote.service.DriverCommandExecutor.invokeExecute(DriverCommandExecutor.java:167)
	at org.openqa.selenium.remote.service.DriverCommandExecutor.execute(DriverCommandExecutor.java:142)
	at org.openqa.selenium.remote.RemoteWebDriver.execute(RemoteWebDriver.java:569)
	at org.openqa.selenium.remote.ElementLocation$ElementFinder$2.findElement(ElementLocation.java:162)
	at org.openqa.selenium.remote.ElementLocation.findElement(ElementLocation.java:60)
	at org.openqa.selenium.remote.RemoteWebDriver.findElement(RemoteWebDriver.java:387)
	at org.openqa.selenium.remote.RemoteWebDriver.findElement(RemoteWebDriver.java:379)
	at org.openqa.selenium.support.pagefactory.DefaultElementLocator.findElement(DefaultElementLocator.java:70)
	at org.openqa.selenium.support.pagefactory.internal.LocatingElementHandler.invoke(LocatingElementHandler.java:39)
	at com.sun.proxy.$Proxy13.click(Unknown Source)
	at pageObjects.BasePage.clickNoHighlight(BasePage.java:73)
	at pageObjects.OrderingAClosetPage.fillInCharactersAndLetters(OrderingAClosetPage.java:88)
	at tests.ClosetSizesFieldsTest.tc02_SizesFieldsTest(ClosetSizesFieldsTest.java:36)
	at java.util.ArrayList.forEach(ArrayList.java:1257)
... Removed 35 stack frames</div></td></tr></table><p class="totop"><a href="#summary">back to summary</a></p>
<h3 id="m2">tests.EmailValidationTest#tc01_checkValidEmailField</h3><table class="result"><tr class="param"><th>Parameter #1</th><th>Parameter #2</th></tr><tr class="param stripe"><td> _______@example.com</td><td></td></tr><tr><th colspan="2">Exception</th></tr><tr><td colspan="2"><div class="stacktrace">java.lang.AssertionError: expected [] but found [Please enter an email address.]
	at tests.EmailValidationTest.tc01_checkValidEmailField(EmailValidationTest.java:19)
	at java.util.ArrayList.forEach(ArrayList.java:1257)
... Removed 37 stack frames</div></td></tr></table><p class="totop"><a href="#summary">back to summary</a></p>
<h3 id="m3">tests.EmailValidationTest#tc02_checkInvalidEmailField</h3><table class="result"><tr class="param"><th>Parameter #1</th><th>Parameter #2</th></tr><tr class="param stripe"><td>email.@example.com</td><td></td></tr><tr><th colspan="2">Exception</th></tr><tr><td colspan="2"><div class="stacktrace">java.lang.AssertionError: expected [A part followed by &apos;@&apos; should not contain a dot.] but found []
	at tests.EmailValidationTest.tc02_checkInvalidEmailField(EmailValidationTest.java:37)
	at java.util.ArrayList.forEach(ArrayList.java:1257)
... Removed 37 stack frames</div></td></tr></table><p class="totop"><a href="#summary">back to summary</a></p>
<h3 id="m4">tests.EmailValidationTest#tc02_checkInvalidEmailField</h3><table class="result"><tr class="param"><th>Parameter #1</th><th>Parameter #2</th></tr><tr class="param stripe"><td>.email@example.com</td><td></td></tr><tr><th colspan="2">Exception</th></tr><tr><td colspan="2"><div class="stacktrace">java.lang.AssertionError: expected [A part followed by &apos;@&apos; should not contain a dot.] but found []
	at tests.EmailValidationTest.tc02_checkInvalidEmailField(EmailValidationTest.java:37)
	at java.util.ArrayList.forEach(ArrayList.java:1257)
... Removed 37 stack frames</div></td></tr></table><p class="totop"><a href="#summary">back to summary</a></p>
<h3 id="m5">tests.EmailValidationTest#tc02_checkInvalidEmailField</h3><table class="result"><tr class="param"><th>Parameter #1</th><th>Parameter #2</th></tr><tr class="param stripe"><td>email..email@example.com</td><td></td></tr><tr><th colspan="2">Exception</th></tr><tr><td colspan="2"><div class="stacktrace">java.lang.AssertionError: expected [A part followed by &apos;@&apos; should not contain a dot.] but found []
	at tests.EmailValidationTest.tc02_checkInvalidEmailField(EmailValidationTest.java:37)
	at java.util.ArrayList.forEach(ArrayList.java:1257)
... Removed 37 stack frames</div></td></tr></table><p class="totop"><a href="#summary">back to summary</a></p>
<h3 id="m6">tests.EmailValidationTest#tc09_checkInvalidEmailField</h3><table class="result"><tr><th>Exception</th></tr><tr><td><div class="stacktrace">java.lang.AssertionError: expected [Please include a top level domain in the email address. email@example is missing a top level domain.] but found []
	at tests.EmailValidationTest.tc09_checkInvalidEmailField(EmailValidationTest.java:107)
	at java.util.ArrayList.forEach(ArrayList.java:1257)
... Removed 37 stack frames</div></td></tr></table><p class="totop"><a href="#summary">back to summary</a></p>
<h3 id="m7">tests.EmailValidationTest#tc10_checkInvalidEmailField</h3><table class="result"><tr><th>Exception</th></tr><tr><td><div class="stacktrace">java.lang.AssertionError: expected [A part following &apos;@&apos; should not contain .web.] but found []
	at tests.EmailValidationTest.tc10_checkInvalidEmailField(EmailValidationTest.java:116)
	at java.util.ArrayList.forEach(ArrayList.java:1257)
... Removed 37 stack frames</div></td></tr></table><p class="totop"><a href="#summary">back to summary</a></p>
<h3 id="m8">tests.OrderingAClosetTest#tc01_OrderingAClosetTest</h3><table class="result"><tr><th>Exception</th></tr><tr><td><div class="stacktrace">org.openqa.selenium.TimeoutException: Expected condition failed: waiting for element to be clickable: [[FirefoxDriver: firefox on WINDOWS (4bde6421-387f-4bfa-8de7-c0337fad481b)] -&gt; css selector: [for=select-single-outcome] .modal-btn-start.swal-button] (tried for 10 second(s) with 500 milliseconds interval)
Build info: version: &apos;4.3.0&apos;, revision: &apos;a4995e2c09*&apos;
System info: host: &apos;TALI-PC&apos;, ip: &apos;192.168.36.1&apos;, os.name: &apos;Windows 7&apos;, os.arch: &apos;amd64&apos;, os.version: &apos;6.1&apos;, java.version: &apos;1.8.0_211&apos;
Driver info: org.openqa.selenium.firefox.FirefoxDriver
Capabilities {acceptInsecureCerts: true, browserName: firefox, browserVersion: 102.0.1, moz:accessibilityChecks: false, moz:buildID: 20220705093820, moz:debuggerAddress: localhost:57203, moz:geckodriverVersion: 0.31.0, moz:headless: false, moz:processID: 10636, moz:profile: C:\Users\Tali\AppData\Local..., moz:shutdownTimeout: 60000, moz:useNonSpecCompliantPointerOrigin: false, moz:webdriverClick: true, moz:windowless: false, pageLoadStrategy: normal, platformName: WINDOWS, platformVersion: 6.1, proxy: Proxy(), se:cdp: ws://localhost:57203/devtoo..., se:cdpVersion: 85.0, setWindowRect: true, strictFileInteractability: false, timeouts: {implicit: 0, pageLoad: 300000, script: 30000}, unhandledPromptBehavior: dismiss and notify}
Session ID: 4bde6421-387f-4bfa-8de7-c0337fad481b
	at org.openqa.selenium.support.ui.WebDriverWait.timeoutException(WebDriverWait.java:87)
	at org.openqa.selenium.support.ui.FluentWait.until(FluentWait.java:231)
	at pageObjects.BasePage.waitElementToBeClickable(BasePage.java:119)
	at pageObjects.TemplatesPage.clickStartEditing(TemplatesPage.java:37)
	at tests.OrderingAClosetTest.tc01_OrderingAClosetTest(OrderingAClosetTest.java:16)
	at java.util.ArrayList.forEach(ArrayList.java:1257)
... Removed 31 stack frames</div></td></tr></table><p class="totop"><a href="#summary">back to summary</a></p>
<h3 id="m9">tests.EmailValidationTest#tc01_checkValidEmailField</h3><table class="result"><tr class="param"><th>Parameter #1</th><th>Parameter #2</th></tr><tr class="param stripe"><td>firstname.lastname@example.com</td><td></td></tr></table><p class="totop"><a href="#summary">back to summary</a></p>
<h3 id="m10">tests.EmailValidationTest#tc01_checkValidEmailField</h3><table class="result"><tr class="param"><th>Parameter #1</th><th>Parameter #2</th></tr><tr class="param stripe"><td>firstname-lastname@example.com</td><td></td></tr></table><p class="totop"><a href="#summary">back to summary</a></p>
<h3 id="m11">tests.EmailValidationTest#tc01_checkValidEmailField</h3><table class="result"><tr class="param"><th>Parameter #1</th><th>Parameter #2</th></tr><tr class="param stripe"><td>email@example.co.il</td><td></td></tr></table><p class="totop"><a href="#summary">back to summary</a></p>
<h3 id="m12">tests.EmailValidationTest#tc01_checkValidEmailField</h3><table class="result"><tr class="param"><th>Parameter #1</th><th>Parameter #2</th></tr><tr class="param stripe"><td>email@example.org</td><td></td></tr></table><p class="totop"><a href="#summary">back to summary</a></p>
<h3 id="m13">tests.EmailValidationTest#tc01_checkValidEmailField</h3><table class="result"><tr class="param"><th>Parameter #1</th><th>Parameter #2</th></tr><tr class="param stripe"><td>1234567890@example.com</td><td></td></tr></table><p class="totop"><a href="#summary">back to summary</a></p>
<h3 id="m14">tests.EmailValidationTest#tc01_checkValidEmailField</h3><table class="result"><tr class="param"><th>Parameter #1</th><th>Parameter #2</th></tr><tr class="param stripe"><td>email@example.name</td><td></td></tr></table><p class="totop"><a href="#summary">back to summary</a></p>
<h3 id="m15">tests.EmailValidationTest#tc01_checkValidEmailField</h3><table class="result"><tr class="param"><th>Parameter #1</th><th>Parameter #2</th></tr><tr class="param stripe"><td>email@example.gov</td><td></td></tr></table><p class="totop"><a href="#summary">back to summary</a></p>
<h3 id="m16">tests.EmailValidationTest#tc01_checkValidEmailField</h3><table class="result"><tr class="param"><th>Parameter #1</th><th>Parameter #2</th></tr><tr class="param stripe"><td>email@example.edu</td><td></td></tr></table><p class="totop"><a href="#summary">back to summary</a></p>
<h3 id="m17">tests.EmailValidationTest#tc01_checkValidEmailField</h3><table class="result"><tr class="param"><th>Parameter #1</th><th>Parameter #2</th></tr><tr class="param stripe"><td>email@example.net</td><td></td></tr></table><p class="totop"><a href="#summary">back to summary</a></p>
<h3 id="m18">tests.EmailValidationTest#tc03_checkInvalidEmailField</h3><table class="result"><tr><th class="invisible"/></tr></table><p class="totop"><a href="#summary">back to summary</a></p>
<h3 id="m19">tests.EmailValidationTest#tc04_checkInvalidEmailField</h3><table class="result"><tr><th class="invisible"/></tr></table><p class="totop"><a href="#summary">back to summary</a></p>
<h3 id="m20">tests.EmailValidationTest#tc05_checkInvalidEmailField</h3><table class="result"><tr><th class="invisible"/></tr></table><p class="totop"><a href="#summary">back to summary</a></p>
<h3 id="m21">tests.EmailValidationTest#tc06_checkInvalidEmailField</h3><table class="result"><tr><th class="invisible"/></tr></table><p class="totop"><a href="#summary">back to summary</a></p>
<h3 id="m22">tests.EmailValidationTest#tc07_checkInvalidEmailField</h3><table class="result"><tr><th class="invisible"/></tr></table><p class="totop"><a href="#summary">back to summary</a></p>
<h3 id="m23">tests.EmailValidationTest#tc08_checkInvalidEmailField</h3><table class="result"><tr><th class="invisible"/></tr></table><p class="totop"><a href="#summary">back to summary</a></p>
<h3 id="m24">tests.EmailValidationTest#tc11_checkInvalidEmailField</h3><table class="result"><tr><th class="invisible"/></tr></table><p class="totop"><a href="#summary">back to summary</a></p>
<h3 id="m25">tests.LoginFailedTest#tc01_loginFaliure</h3><table class="result"><tr class="param"><th>Parameter #1</th><th>Parameter #2</th></tr><tr class="param stripe"><td>test.ta715@gmail.com</td><td>123456789</td></tr></table><p class="totop"><a href="#summary">back to summary</a></p>
<h3 id="m26">tests.LoginFailedTest#tc01_loginFaliure</h3><table class="result"><tr class="param"><th>Parameter #1</th><th>Parameter #2</th></tr><tr class="param stripe"><td>testypta715@gmail.com</td><td>test1234@%MN</td></tr></table><p class="totop"><a href="#summary">back to summary</a></p>
<h3 id="m27">tests.LoginFailedTest#tc02_loginFaliurer</h3><table class="result"><tr class="param"><th>Parameter #1</th><th>Parameter #2</th></tr><tr class="param stripe"><td></td><td>test1234@%MN</td></tr></table><p class="totop"><a href="#summary">back to summary</a></p>
<h3 id="m28">tests.LoginFailedTest#tc02_loginFaliurer</h3><table class="result"><tr class="param"><th>Parameter #1</th><th>Parameter #2</th></tr><tr class="param stripe"><td></td><td> test1234@%MN</td></tr></table><p class="totop"><a href="#summary">back to summary</a></p>
<h3 id="m29">tests.LoginFailedTest#tc03_loginFailed</h3><table class="result"><tr><th class="invisible"/></tr></table><p class="totop"><a href="#summary">back to summary</a></p>
<h3 id="m30">tests.SearchingATemplateTest#tc01_searchTest</h3><table class="result"><tr><th class="invisible"/></tr></table><p class="totop"><a href="#summary">back to summary</a></p>
</body>
</html>
